[INFO] 2022-11-18 14:44:52.883 [main] PrintListOfPlane - Виведення списку літаків, є виняток коли список пустий
[INFO] 2022-11-18 14:44:54.327 [main] FindPlane - Знаходження літака за споживання пального
[INFO] 2022-11-18 14:44:57.350 [main] PrintListOfPlane - Виведення списку літаків, є виняток коли список пустий
[INFO] 2022-11-18 14:45:01.698 [main] FindPlane - Знаходження літака за споживання пального
[INFO] 2022-11-18 14:45:05.768 [main] PrintListOfPlane - Виведення списку літаків, є виняток коли список пустий
[INFO] 2022-11-18 14:45:13.902 [main] TotalCountOfPassenger - Підрахунок загальної кількості пасажирів
[INFO] 2022-11-18 14:45:13.903 [main] PrintListOfPlane - Виведення списку літаків, є виняток коли список пустий
[INFO] 2022-11-20 07:05:04.661 [main] PrintListOfPlane - Виведення списку літаків, є виняток коли список пустий
[WARN] 2022-11-20 07:05:07.313 [main] ChoosePlane - Користувач вибирає літак для перегляду детальнішої інформації
[INFO] 2022-11-20 07:05:12.027 [main] PrintListOfPlane - Виведення списку літаків, є виняток коли список пустий
[INFO] 2022-11-20 07:06:52.126 [main] PrintListOfPlane - Виведення списку літаків, є виняток коли список пустий
[WARN] 2022-11-20 07:06:53.760 [main] ChoosePlane - Користувач вибирає літак для перегляду детальнішої інформації
[INFO] 2022-11-20 07:07:11.031 [main] PrintListOfPlane - Виведення списку літаків, є виняток коли список пустий
[WARN] 2022-11-20 07:07:13.249 [main] ChoosePlane - Користувач вибирає літак для перегляду детальнішої інформації
[INFO] 2022-11-20 07:07:15.237 [main] PrintListOfPlane - Виведення списку літаків, є виняток коли список пустий
[WARN] 2022-11-20 07:07:23.217 [main] TotalCountOfPassenger - Підрахунок загальної кількості пасажирів
[INFO] 2022-11-20 07:07:23.217 [main] PrintListOfPlane - Виведення списку літаків, є виняток коли список пустий
[INFO] 2022-11-20 07:07:29.835 [main] SortList - Сортування за зростанням
[INFO] 2022-11-20 07:07:29.843 [main] PrintListOfPlane - Виведення списку літаків, є виняток коли список пустий
[INFO] 2022-11-20 07:07:34.581 [main] BackMainMenu - Повернення у головне меню
[INFO] 2022-11-20 07:10:09.183 [main] PrintListOfPlane - Виведення списку літаків, є виняток коли список пустий
[WARN] 2022-11-20 07:10:11.038 [main] ChoosePlane - Користувач вибирає літак для перегляду детальнішої інформації
[INFO] 2022-11-20 07:10:15.001 [main] PrintListOfPlane - Виведення списку літаків, є виняток коли список пустий
[WARN] 2022-11-20 07:10:24.787 [main] TotalCountOfPassenger - Підрахунок загальної кількості пасажирів
[INFO] 2022-11-20 07:10:24.788 [main] PrintListOfPlane - Виведення списку літаків, є виняток коли список пустий
[INFO] 2022-11-20 07:10:29.228 [main] BackMainMenu - Повернення у головне меню
[INFO] 2022-11-20 07:17:15.692 [main] PrintListOfPlane - Виведення списку літаків, є виняток коли список пустий
[WARN] 2022-11-20 07:17:17.208 [main] ChoosePlane - Користувач вибирає літак для перегляду детальнішої інформації
[INFO] 2022-11-20 07:17:18.844 [main] PrintListOfPlane - Виведення списку літаків, є виняток коли список пустий
[WARN] 2022-11-20 07:17:20.580 [main] TotalCountOfPassenger - Підрахунок загальної кількості пасажирів
[INFO] 2022-11-20 07:17:20.581 [main] PrintListOfPlane - Виведення списку літаків, є виняток коли список пустий
[INFO] 2022-11-20 07:17:22.630 [main] BackMainMenu - Повернення у головне меню
[INFO] 2022-11-20 07:18:31.443 [main] PrintListOfPlane - Виведення списку літаків, є виняток коли список пустий
[ERROR] 2022-11-20 07:18:33.415 [main] ChoosePlane - Користувач вибирає літак для перегляду детальнішої інформації
[INFO] 2022-11-20 07:18:44.991 [main] PrintListOfPlane - Виведення списку літаків, є виняток коли список пустий
[INFO] 2022-11-20 07:20:50.221 [main] PrintListOfPlane - Виведення списку літаків, є виняток коли список пустий
[ERROR] 2022-11-20 07:20:52.261 [main] ChoosePlane - Користувач вибирає літак для перегляду детальнішої інформації
[INFO] 2022-11-20 07:21:09.126 [main] PrintListOfPlane - Виведення списку літаків, є виняток коли список пустий
[INFO] 2022-11-20 07:25:22.910 [main] PrintListOfPlane - Виведення списку літаків, є виняток коли список пустий
[ERROR] 2022-11-20 07:25:24.499 [main] ChoosePlane - Користувач вибирає літак для перегляду детальнішої інформації
[INFO] 2022-11-20 07:29:28.792 [main] PrintListOfPlane - Виведення списку літаків, є виняток коли список пустий
[ERROR] 2022-11-20 07:29:30.246 [main] ChoosePlane - Користувач вибирає літак для перегляду детальнішої інформації
[INFO] 2022-11-21 11:38:16.508 [main] WriteToFileCommand - Запис літаків у файл
[INFO] 2022-11-21 11:38:22.222 [main] PrintListOfPlane - Виведення списку літаків, є виняток коли список пустий
[INFO] 2022-11-21 11:38:23.625 [main] DeletePlane - Користувач вибирає літак, щоб видалити його. Є виняток, коли список пустий
[INFO] 2022-11-21 11:38:24.587 [main] PrintListOfPlane - Виведення списку літаків, є виняток коли список пустий
[INFO] 2022-11-21 11:38:26.367 [main] DeletePlane - Користувач вибирає літак, щоб видалити його. Є виняток, коли список пустий
[INFO] 2022-11-21 11:38:27.089 [main] PrintListOfPlane - Виведення списку літаків, є виняток коли список пустий
[INFO] 2022-11-21 11:38:27.899 [main] DeletePlane - Користувач вибирає літак, щоб видалити його. Є виняток, коли список пустий
[INFO] 2022-11-21 11:38:28.745 [main] PrintListOfPlane - Виведення списку літаків, є виняток коли список пустий
[INFO] 2022-11-21 11:38:29.603 [main] DeletePlane - Користувач вибирає літак, щоб видалити його. Є виняток, коли список пустий
[INFO] 2022-11-21 11:38:30.249 [main] PrintListOfPlane - Виведення списку літаків, є виняток коли список пустий
[INFO] 2022-11-21 11:38:34.152 [main] BackMainMenu - Повернення у головне меню
[INFO] 2022-11-21 11:40:35.712 [main] PrintListOfPlane - Виведення списку літаків, є виняток коли список пустий
[INFO] 2022-11-21 11:40:38.541 [main] BackMainMenu - Повернення у головне меню
[INFO] 2022-11-21 11:40:42.420 [main] WriteToFileCommand - Запис літаків у файл
[INFO] 2022-11-21 11:40:56.553 [main] PrintListOfPlane - Виведення списку літаків, є виняток коли список пустий
[INFO] 2022-11-21 11:40:57.214 [main] DeletePlane - Користувач вибирає літак, щоб видалити його. Є виняток, коли список пустий
[INFO] 2022-11-21 11:40:58.279 [main] PrintListOfPlane - Виведення списку літаків, є виняток коли список пустий
[INFO] 2022-11-21 11:40:58.976 [main] DeletePlane - Користувач вибирає літак, щоб видалити його. Є виняток, коли список пустий
[INFO] 2022-11-21 11:40:59.478 [main] PrintListOfPlane - Виведення списку літаків, є виняток коли список пустий
[INFO] 2022-11-21 11:41:00.317 [main] DeletePlane - Користувач вибирає літак, щоб видалити його. Є виняток, коли список пустий
[INFO] 2022-11-21 11:41:00.767 [main] PrintListOfPlane - Виведення списку літаків, є виняток коли список пустий
[INFO] 2022-11-21 11:41:01.550 [main] DeletePlane - Користувач вибирає літак, щоб видалити його. Є виняток, коли список пустий
[INFO] 2022-11-21 11:41:02.856 [main] PrintListOfPlane - Виведення списку літаків, є виняток коли список пустий
[INFO] 2022-11-21 11:41:05.872 [main] BackMainMenu - Повернення у головне меню
[INFO] 2022-11-21 11:41:44.484 [main] PrintListOfPlane - Виведення списку літаків, є виняток коли список пустий
[INFO] 2022-11-21 11:41:46.462 [main] DeletePlane - Користувач вибирає літак, щоб видалити його. Є виняток, коли список пустий
[INFO] 2022-11-21 11:41:49.259 [main] PrintListOfPlane - Виведення списку літаків, є виняток коли список пустий
[INFO] 2022-11-21 11:41:49.803 [main] DeletePlane - Користувач вибирає літак, щоб видалити його. Є виняток, коли список пустий
[INFO] 2022-11-21 11:41:50.373 [main] PrintListOfPlane - Виведення списку літаків, є виняток коли список пустий
[INFO] 2022-11-21 11:41:50.881 [main] DeletePlane - Користувач вибирає літак, щоб видалити його. Є виняток, коли список пустий
[INFO] 2022-11-21 11:41:51.348 [main] PrintListOfPlane - Виведення списку літаків, є виняток коли список пустий
[INFO] 2022-11-21 11:41:56.797 [main] DeletePlane - Користувач вибирає літак, щоб видалити його. Є виняток, коли список пустий
[INFO] 2022-11-21 11:41:57.371 [main] PrintListOfPlane - Виведення списку літаків, є виняток коли список пустий
[INFO] 2022-11-21 11:41:58.794 [main] BackMainMenu - Повернення у головне меню
[INFO] 2022-11-21 11:42:42.366 [main] PrintListOfPlane - Виведення списку літаків, є виняток коли список пустий
[INFO] 2022-11-21 11:42:44.783 [main] BackMainMenu - Повернення у головне меню
[INFO] 2022-11-21 11:43:56.083 [main] PrintListOfPlane - Виведення списку літаків, є виняток коли список пустий
[INFO] 2022-11-21 11:43:57.847 [main] DeletePlane - Користувач вибирає літак, щоб видалити його. Є виняток, коли список пустий
[INFO] 2022-11-21 11:43:58.330 [main] PrintListOfPlane - Виведення списку літаків, є виняток коли список пустий
[INFO] 2022-11-21 11:43:59.056 [main] DeletePlane - Користувач вибирає літак, щоб видалити його. Є виняток, коли список пустий
[INFO] 2022-11-21 11:43:59.399 [main] PrintListOfPlane - Виведення списку літаків, є виняток коли список пустий
[INFO] 2022-11-21 11:44:00.156 [main] DeletePlane - Користувач вибирає літак, щоб видалити його. Є виняток, коли список пустий
[INFO] 2022-11-21 11:44:00.519 [main] PrintListOfPlane - Виведення списку літаків, є виняток коли список пустий
[INFO] 2022-11-21 11:44:01.245 [main] DeletePlane - Користувач вибирає літак, щоб видалити його. Є виняток, коли список пустий
[INFO] 2022-11-21 11:44:01.659 [main] PrintListOfPlane - Виведення списку літаків, є виняток коли список пустий
[INFO] 2022-11-21 11:44:04.019 [main] DeletePlane - Користувач вибирає літак, щоб видалити його. Є виняток, коли список пустий
[INFO] 2022-11-21 11:44:04.019 [main] PrintListOfPlane - Виведення списку літаків, є виняток коли список пустий
[INFO] 2022-11-21 11:44:07.184 [main] BackMainMenu - Повернення у головне меню
[INFO] 2022-11-21 11:51:30.391 [main] WriteToFileCommand - Запис літаків у файл
[INFO] 2022-11-21 11:52:18.345 [main] PrintListOfPlane - Виведення списку літаків, є виняток коли список пустий
[INFO] 2022-11-21 11:52:19.657 [main] DeletePlane - Користувач вибирає літак, щоб видалити його. Є виняток, коли список пустий
[INFO] 2022-11-21 11:52:20.102 [main] PrintListOfPlane - Виведення списку літаків, є виняток коли список пустий
[INFO] 2022-11-21 11:52:20.457 [main] DeletePlane - Користувач вибирає літак, щоб видалити його. Є виняток, коли список пустий
[INFO] 2022-11-21 11:52:20.856 [main] PrintListOfPlane - Виведення списку літаків, є виняток коли список пустий
[INFO] 2022-11-21 11:52:21.224 [main] DeletePlane - Користувач вибирає літак, щоб видалити його. Є виняток, коли список пустий
[INFO] 2022-11-21 11:52:21.615 [main] PrintListOfPlane - Виведення списку літаків, є виняток коли список пустий
[INFO] 2022-11-21 11:52:23.988 [main] DeletePlane - Користувач вибирає літак, щоб видалити його. Є виняток, коли список пустий
[INFO] 2022-11-21 11:52:24.691 [main] PrintListOfPlane - Виведення списку літаків, є виняток коли список пустий
[INFO] 2022-11-21 11:52:27.404 [main] BackMainMenu - Повернення у головне меню
[INFO] 2022-11-21 11:52:38.881 [main] PrintListOfPlane - Виведення списку літаків, є виняток коли список пустий
[INFO] 2022-11-21 12:02:25.341 [main] PrintListOfPlane - Виведення списку літаків, є виняток коли список пустий
[INFO] 2022-11-21 12:02:32.293 [main] BackMainMenu - Повернення у головне меню
[INFO] 2022-11-21 12:02:34.885 [main] WriteToFileCommand - Запис літаків у файл
[INFO] 2022-11-21 12:53:29.958 [main] PrintListOfPlane - Виведення списку літаків, є виняток коли список пустий
[INFO] 2022-11-21 12:53:50.931 [main] PrintListOfPlane - Виведення списку літаків, є виняток коли список пустий
[WARN] 2022-11-21 13:25:01.653 [main] TotalCountOfPassenger - Підрахунок загальної кількості пасажирів
[INFO] 2022-11-21 13:25:01.655 [main] PrintListOfPlane - Виведення списку літаків, є виняток коли список пустий
[INFO] 2022-11-21 13:58:36.523 [main] WriteToFileCommand - Запис літаків у файл
[INFO] 2022-11-21 13:59:43.014 [main] WriteToFileCommand - Запис літаків у файл
[INFO] 2022-11-21 14:00:54.255 [main] WriteToFileCommand - Запис літаків у файл
[INFO] 2022-11-21 15:08:26.202 [main] PrintListOfPlane - Виведення списку літаків, є виняток коли список пустий
[ERROR] 2022-11-21 15:08:27.276 [main] ChoosePlane - Користувач вибирає літак для перегляду детальнішої інформації
[INFO] 2022-11-21 15:08:29.262 [main] PrintListOfPlane - Виведення списку літаків, є виняток коли список пустий
[INFO] 2022-11-21 16:06:40.206 [main] PrintListOfPlane - Виведення списку літаків, є виняток коли список пустий
[INFO] 2022-11-21 16:06:42.218 [main] DeletePlane - Користувач вибирає літак, щоб видалити його. Є виняток, коли список пустий
[INFO] 2022-11-21 16:06:42.827 [main] PrintListOfPlane - Виведення списку літаків, є виняток коли список пустий
[INFO] 2022-11-21 21:23:39.487 [main] PrintListOfPlane - Виведення списку літаків, є виняток коли список пустий
[ERROR] 2022-11-21 21:23:40.590 [main] ChoosePlane - Користувач вибирає літак для перегляду детальнішої інформації
[INFO] 2022-11-21 21:24:17.914 [main] PrintListOfPlane - Виведення списку літаків, є виняток коли список пустий
[ERROR] 2022-11-21 21:24:19.618 [main] ChoosePlane - Користувач вибирає літак для перегляду детальнішої інформації
[INFO] 2022-11-21 21:24:40.701 [main] PrintListOfPlane - Виведення списку літаків, є виняток коли список пустий
[INFO] 2022-11-21 21:24:48.896 [main] PrintListOfPlane - Виведення списку літаків, є виняток коли список пустий
[ERROR] 2022-11-21 21:24:50.422 [main] ChoosePlane - Користувач вибирає літак для перегляду детальнішої інформації
[INFO] 2022-11-21 21:25:17.573 [main] PrintListOfPlane - Виведення списку літаків, є виняток коли список пустий
[INFO] 2022-11-21 21:25:19.510 [main] DeletePlane - Користувач вибирає літак, щоб видалити його. Є виняток, коли список пустий
[INFO] 2022-11-21 21:25:21.367 [main] PrintListOfPlane - Виведення списку літаків, є виняток коли список пустий
[ERROR] 2022-11-21 21:25:22.582 [main] ChoosePlane - Користувач вибирає літак для перегляду детальнішої інформації
[INFO] 2022-11-21 21:25:41.554 [main] PrintListOfPlane - Виведення списку літаків, є виняток коли список пустий
[ERROR] 2022-11-21 21:25:41.946 [main] ChoosePlane - Користувач вибирає літак для перегляду детальнішої інформації
[INFO] 2022-11-21 21:27:02.653 [main] PrintListOfPlane - Виведення списку літаків, є виняток коли список пустий
[ERROR] 2022-11-21 21:27:03.627 [main] ChoosePlane - Користувач вибирає літак для перегляду детальнішої інформації
[INFO] 2022-11-21 21:34:01.600 [main] PrintListOfPlane - Виведення списку літаків, є виняток коли список пустий
[INFO] 2022-11-21 23:36:11.537 [main] PrintListOfPlane - Виведення списку літаків, є виняток коли список пустий
[ERROR] 2022-11-21 23:36:12.901 [main] ChoosePlane - Користувач вибирає літак для перегляду детальнішої інформації
[INFO] 2022-11-21 23:36:40.783 [main] PrintListOfPlane - Виведення списку літаків, є виняток коли список пустий
[ERROR] 2022-11-21 23:36:42.231 [main] ChoosePlane - Користувач вибирає літак для перегляду детальнішої інформації
[INFO] 2022-11-21 23:38:52.751 [main] PrintListOfPlane - Виведення списку літаків, є виняток коли список пустий
[ERROR] 2022-11-21 23:38:53.701 [main] ChoosePlane - Користувач вибирає літак для перегляду детальнішої інформації
[INFO] 2022-11-21 23:39:08.115 [main] PrintListOfPlane - Виведення списку літаків, є виняток коли список пустий
[ERROR] 2022-11-21 23:39:09.133 [main] ChoosePlane - Користувач вибирає літак для перегляду детальнішої інформації
[INFO] 2022-11-21 23:39:33.418 [main] PrintListOfPlane - Виведення списку літаків, є виняток коли список пустий
[ERROR] 2022-11-21 23:39:34.299 [main] ChoosePlane - Користувач вибирає літак для перегляду детальнішої інформації
[INFO] 2022-11-21 23:40:18.048 [main] PrintListOfPlane - Виведення списку літаків, є виняток коли список пустий
[ERROR] 2022-11-21 23:40:18.930 [main] ChoosePlane - Користувач вибирає літак для перегляду детальнішої інформації
[INFO] 2022-11-21 23:40:35.827 [main] PrintListOfPlane - Виведення списку літаків, є виняток коли список пустий
[ERROR] 2022-11-21 23:40:36.305 [main] ChoosePlane - Користувач вибирає літак для перегляду детальнішої інформації
[INFO] 2022-11-21 23:41:48.408 [main] PrintListOfPlane - Виведення списку літаків, є виняток коли список пустий
[ERROR] 2022-11-21 23:41:49.098 [main] ChoosePlane - Користувач вибирає літак для перегляду детальнішої інформації
[INFO] 2022-11-21 23:41:58.036 [main] PrintListOfPlane - Виведення списку літаків, є виняток коли список пустий
[INFO] 2022-11-22 12:38:32.997 [main] PrintListOfPlane - Виведення списку літаків, є виняток коли список пустий
[ERROR] 2022-11-22 12:38:36.455 [main] ChoosePlane - Користувач вибирає літак для перегляду детальнішої інформації
[INFO] 2022-11-22 12:38:56.230 [main] PrintListOfPlane - Виведення списку літаків, є виняток коли список пустий
[INFO] 2022-11-22 12:39:06.468 [main] CreatePlaneCommand - Створення транспортного літака
[INFO] 2022-11-24 22:12:06.146 [main] PrintListOfPlane - Виведення списку літаків, є виняток коли список пустий
[INFO] 2022-11-24 22:12:11.746 [main] CreatePlaneCommand - Створення спортивного літака
[INFO] 2022-11-25 01:24:40.462 [main] PrintListOfPlane - Виведення списку літаків, є виняток коли список пустий
[INFO] 2022-11-25 01:24:45.711 [main] FindPlane - Знаходження літака за споживання пального
[INFO] 2022-11-25 01:24:49.047 [main] PrintListOfPlane - Виведення списку літаків, є виняток коли список пустий
[INFO] 2022-11-25 10:40:33.878 [main] PrintListOfPlane - Виведення списку літаків, є виняток коли список пустий
[ERROR] 2022-11-25 10:40:37.079 [main] ChoosePlane - Користувач вибирає літак для перегляду детальнішої інформації
[INFO] 2022-11-25 10:40:41.080 [main] PrintListOfPlane - Виведення списку літаків, є виняток коли список пустий
[INFO] 2022-11-25 10:54:47.165 [main] PrintListOfPlane - Виведення списку літаків, є виняток коли список пустий
[INFO] 2022-11-25 10:58:15.469 [main] CreatePlaneCommand - Створення пасажирського літака
[INFO] 2022-11-25 10:58:35.084 [main] PrintListOfPlane - Виведення списку літаків, є виняток коли список пустий
[INFO] 2022-11-25 10:58:38.626 [main] CreatePlaneCommand - Створення спортивного літака
[INFO] 2022-11-25 10:58:44.538 [main] PrintListOfPlane - Виведення списку літаків, є виняток коли список пустий
[INFO] 2022-11-25 10:58:48.570 [main] CreatePlaneCommand - Створення транспортного літака
[ERROR] 2022-11-25 18:12:11.838 [main] PlaneData - Проблеми з базою даних The column name countOfPassenger is not valid.
[ERROR] 2022-11-25 18:12:50.819 [main] PlaneData - Проблеми з базою даних The column name countOfPassenger is not valid.
[ERROR] 2022-11-25 18:12:59.585 [main] PlaneData - Проблеми з базою даних The column name countOfPassenger is not valid.
[ERROR] 2022-11-25 18:13:35.786 [main] PlaneData - Проблеми з базою даних The column name countOfPassenger is not valid.
[ERROR] 2022-11-25 18:13:56.723 [main] PlaneData - Проблеми з базою даних The column name countOfPassenger is not valid.
[ERROR] 2022-11-25 18:14:08.193 [main] PlaneData - Проблеми з базою даних The column name countOfPassenger is not valid.
[ERROR] 2022-11-25 18:14:58.629 [main] PlaneData - Проблеми з базою даних The column name countOfPassenger is not valid.
[ERROR] 2022-11-25 18:15:51.804 [main] PlaneData - Проблеми з базою даних The column name countOfPassenger is not valid.
[ERROR] 2022-11-25 18:16:12.798 [main] PlaneData - Проблеми з базою даних The column name countOfPassenger is not valid.
[ERROR] 2022-11-25 18:16:33.295 [main] PlaneData - Проблеми з базою даних The column name countOfPassenger is not valid.
[ERROR] 2022-11-25 18:17:56.249 [main] PlaneData - Проблеми з базою даних The column name countOfPassenger is not valid.
[ERROR] 2022-11-25 18:20:57.874 [main] PlaneData - Проблеми з базою даних The column name countOfPassenger is not valid.
[ERROR] 2022-11-25 18:21:55.575 [main] PlaneData - Проблеми з базою даних The column name wingspan is not valid.
[ERROR] 2022-11-25 18:22:33.302 [main] PlaneData - Проблеми з базою даних The column name countEngine is not valid.
[INFO] 2022-11-25 18:33:02.425 [main] PrintListOfPlane - Виведення списку літаків, є виняток коли список пустий
[ERROR] 2022-11-25 18:33:09.694 [main] ChoosePlane - Користувач вибирає літак для перегляду детальнішої інформації
[INFO] 2022-11-25 18:33:13.312 [main] PrintListOfPlane - Виведення списку літаків, є виняток коли список пустий
[INFO] 2022-11-25 18:36:36.486 [main] PrintListOfPlane - Виведення списку літаків, є виняток коли список пустий
[ERROR] 2022-11-25 18:36:42.003 [main] ChoosePlane - Користувач вибирає літак для перегляду детальнішої інформації
[INFO] 2022-11-25 18:36:44.013 [main] PrintListOfPlane - Виведення списку літаків, є виняток коли список пустий
[INFO] 2022-11-25 18:36:55.824 [main] PrintListOfPlane - Виведення списку літаків, є виняток коли список пустий
[INFO] 2022-11-25 18:41:01.226 [main] PrintListOfPlane - Виведення списку літаків, є виняток коли список пустий
[INFO] 2022-11-25 18:41:07.772 [main] DeletePlane - Користувач вибирає літак, щоб видалити його. Є виняток, коли список пустий
[INFO] 2022-11-25 18:41:09.223 [main] PrintListOfPlane - Виведення списку літаків, є виняток коли список пустий
[INFO] 2022-11-25 18:41:15.525 [main] BackMainMenu - Повернення у головне меню
[INFO] 2022-11-25 18:41:17.032 [main] PrintListOfPlane - Виведення списку літаків, є виняток коли список пустий
[INFO] 2022-11-25 18:41:20.876 [main] CreatePlaneCommand - Створення пасажирського літака
[INFO] 2022-11-25 19:02:57.394 [main] PrintListOfPlane - Виведення списку літаків, є виняток коли список пустий
[INFO] 2022-11-25 19:23:25.940 [main] PrintListOfPlane - Виведення списку літаків, є виняток коли список пустий
[INFO] 2022-11-25 19:25:44.671 [main] PrintListOfPlane - Виведення списку літаків, є виняток коли список пустий
[ERROR] 2022-11-25 21:38:59.619 [main] CargoPlaneData - Проблеми з базою даних The column name countOfPassengers is not valid.
[ERROR] 2022-11-25 21:39:44.004 [main] CargoPlaneData - Проблеми з базою даних The column name winspan is not valid.
[INFO] 2022-11-25 21:40:10.693 [main] PrintListOfPlane - Виведення списку літаків, є виняток коли список пустий
[INFO] 2022-11-26 10:32:20.912 [main] PrintListOfPlane - Виведення списку літаків, є виняток коли список пустий
[ERROR] 2022-11-26 10:47:54.745 [main] RacePlaneData - Проблеми з базою даних The column name countOfPassengers is not valid.
[ERROR] 2022-11-26 10:48:17.200 [main] RacePlaneData - Проблеми з базою даних The column name winspan is not valid.
[INFO] 2022-11-26 10:48:36.632 [main] PrintListOfPlane - Виведення списку літаків, є виняток коли список пустий
[ERROR] 2022-11-26 10:48:46.088 [main] ChoosePlane - Користувач вибирає літак для перегляду детальнішої інформації
[INFO] 2022-11-26 10:48:47.481 [main] PrintListOfPlane - Виведення списку літаків, є виняток коли список пустий
[ERROR] 2022-11-26 10:49:38.217 [main] ChoosePlane - Користувач вибирає літак для перегляду детальнішої інформації
[INFO] 2022-11-26 10:49:43.197 [main] PrintListOfPlane - Виведення списку літаків, є виняток коли список пустий
[INFO] 2022-11-26 11:37:36.805 [main] PrintListOfPlane - Виведення списку літаків, є виняток коли список пустий
[INFO] 2022-11-26 11:37:42.131 [main] SortList - Сортування за зростанням
[INFO] 2022-11-26 11:37:42.138 [main] PrintListOfPlane - Виведення списку літаків, є виняток коли список пустий
[INFO] 2022-11-26 11:37:51.917 [main] SortList - Сортування за спаданням
[INFO] 2022-11-26 11:37:51.924 [main] PrintListOfPlane - Виведення списку літаків, є виняток коли список пустий
[ERROR] 2022-11-26 11:38:00.457 [main] ChoosePlane - Користувач вибирає літак для перегляду детальнішої інформації
[INFO] 2022-11-26 11:38:02.279 [main] PrintListOfPlane - Виведення списку літаків, є виняток коли список пустий
[INFO] 2022-11-26 11:38:44.776 [main] PrintListOfPlane - Виведення списку літаків, є виняток коли список пустий
[ERROR] 2022-11-26 11:38:49.570 [main] ChoosePlane - Користувач вибирає літак для перегляду детальнішої інформації
[INFO] 2022-11-26 11:39:04.646 [main] PrintListOfPlane - Виведення списку літаків, є виняток коли список пустий
[INFO] 2022-11-26 11:52:34.450 [main] PrintListOfPlane - Виведення списку літаків, є виняток коли список пустий
[INFO] 2022-11-26 11:52:37.060 [main] FindPlane - Знаходження літака за споживання пального
[INFO] 2022-11-26 11:52:41.397 [main] PrintListOfPlane - Виведення списку літаків, є виняток коли список пустий
[ERROR] 2022-11-26 11:52:47.287 [main] ChoosePlane - Користувач вибирає літак для перегляду детальнішої інформації
[INFO] 2022-11-26 11:52:53.405 [main] PrintListOfPlane - Виведення списку літаків, є виняток коли список пустий
[INFO] 2022-11-26 12:55:06.959 [main] PrintListOfPlane - Виведення списку літаків, є виняток коли список пустий
[INFO] 2022-11-26 12:55:19.545 [main] DeletePlane - Користувач вибирає літак, щоб видалити його. Є виняток, коли список пустий
[ERROR] 2022-11-26 12:55:24.301 [main] RacePlaneData - Проблеми з базою даних The statement did not return a result set.
[INFO] 2022-11-26 12:55:26.133 [main] PrintListOfPlane - Виведення списку літаків, є виняток коли список пустий
[INFO] 2022-11-26 13:04:40.674 [main] PrintListOfPlane - Виведення списку літаків, є виняток коли список пустий
[INFO] 2022-11-26 13:04:43.143 [main] DeletePlane - Користувач вибирає літак, щоб видалити його. Є виняток, коли список пустий
[ERROR] 2022-11-26 13:04:47.049 [main] RacePlaneData - Проблеми з базою даних The statement did not return a result set.
[INFO] 2022-11-26 13:04:48.268 [main] PrintListOfPlane - Виведення списку літаків, є виняток коли список пустий
[INFO] 2022-11-26 13:08:03.382 [main] PrintListOfPlane - Виведення списку літаків, є виняток коли список пустий
[INFO] 2022-11-26 13:08:10.044 [main] DeletePlane - Користувач вибирає літак, щоб видалити його. Є виняток, коли список пустий
[ERROR] 2022-11-26 13:08:15.120 [main] RacePlaneData - Проблеми з базою даних The statement did not return a result set.
[INFO] 2022-11-26 13:08:16.537 [main] PrintListOfPlane - Виведення списку літаків, є виняток коли список пустий
[INFO] 2022-11-26 13:08:30.317 [main] PrintListOfPlane - Виведення списку літаків, є виняток коли список пустий
[INFO] 2022-11-26 13:08:31.793 [main] DeletePlane - Користувач вибирає літак, щоб видалити його. Є виняток, коли список пустий
[ERROR] 2022-11-26 13:08:32.822 [main] RacePlaneData - Проблеми з базою даних The statement did not return a result set.
[INFO] 2022-11-26 13:08:34.109 [main] PrintListOfPlane - Виведення списку літаків, є виняток коли список пустий
[INFO] 2022-11-26 13:09:36.566 [main] PrintListOfPlane - Виведення списку літаків, є виняток коли список пустий
[INFO] 2022-11-26 13:09:37.647 [main] DeletePlane - Користувач вибирає літак, щоб видалити його. Є виняток, коли список пустий
[ERROR] 2022-11-26 13:09:38.919 [main] RacePlaneData - Проблеми з базою даних The statement did not return a result set.
[INFO] 2022-11-26 13:09:40.176 [main] PrintListOfPlane - Виведення списку літаків, є виняток коли список пустий
[INFO] 2022-11-26 13:10:20.530 [main] PrintListOfPlane - Виведення списку літаків, є виняток коли список пустий
[INFO] 2022-11-26 13:10:22.286 [main] DeletePlane - Користувач вибирає літак, щоб видалити його. Є виняток, коли список пустий
[ERROR] 2022-11-26 13:10:24.208 [main] RacePlaneData - Проблеми з базою даних The statement did not return a result set.
[INFO] 2022-11-26 13:10:25.621 [main] PrintListOfPlane - Виведення списку літаків, є виняток коли список пустий
[INFO] 2022-11-26 13:14:28.544 [main] PrintListOfPlane - Виведення списку літаків, є виняток коли список пустий
[ERROR] 2022-11-26 13:14:32.058 [main] ChoosePlane - Користувач вибирає літак для перегляду детальнішої інформації
[INFO] 2022-11-26 13:14:36.395 [main] PrintListOfPlane - Виведення списку літаків, є виняток коли список пустий
[INFO] 2022-11-26 13:14:39.804 [main] DeletePlane - Користувач вибирає літак, щоб видалити його. Є виняток, коли список пустий
[ERROR] 2022-11-26 13:14:40.659 [main] RacePlaneData - Проблеми з базою даних The statement did not return a result set.
[INFO] 2022-11-26 13:14:41.593 [main] PrintListOfPlane - Виведення списку літаків, є виняток коли список пустий
[INFO] 2022-11-26 13:30:12.506 [main] PrintListOfPlane - Виведення списку літаків, є виняток коли список пустий
[INFO] 2022-11-26 13:30:13.505 [main] DeletePlane - Користувач вибирає літак, щоб видалити його. Є виняток, коли список пустий
[ERROR] 2022-11-26 13:30:15.790 [main] RacePlaneData - Проблеми з базою даних The statement did not return a result set.
[INFO] 2022-11-26 13:30:16.770 [main] PrintListOfPlane - Виведення списку літаків, є виняток коли список пустий
[INFO] 2022-11-26 13:33:13.510 [main] PrintListOfPlane - Виведення списку літаків, є виняток коли список пустий
[INFO] 2022-11-26 13:33:17.952 [main] DeletePlane - Користувач вибирає літак, щоб видалити його. Є виняток, коли список пустий
[ERROR] 2022-11-26 13:33:18.950 [main] RacePlaneData - Проблеми з базою даних The statement did not return a result set.
[INFO] 2022-11-26 13:33:19.643 [main] PrintListOfPlane - Виведення списку літаків, є виняток коли список пустий
[INFO] 2022-11-26 13:57:04.772 [main] PrintListOfPlane - Виведення списку літаків, є виняток коли список пустий
[INFO] 2022-11-26 13:57:06.569 [main] DeletePlane - Користувач вибирає літак, щоб видалити його. Є виняток, коли список пустий
[INFO] 2022-11-26 13:57:07.688 [main] RacePlaneData - Фургон 14 видалено з списку((
[INFO] 2022-11-26 13:57:07.689 [main] PrintListOfPlane - Виведення списку літаків, є виняток коли список пустий
[INFO] 2022-11-26 13:58:34.285 [main] PrintListOfPlane - Виведення списку літаків, є виняток коли список пустий
[INFO] 2022-11-26 14:02:39.511 [main] PrintListOfPlane - Виведення списку літаків, є виняток коли список пустий
[INFO] 2022-11-26 14:02:40.453 [main] DeletePlane - Користувач вибирає літак, щоб видалити його. Є виняток, коли список пустий
[INFO] 2022-11-26 14:02:42.269 [main] PassengerPlaneData - Фургон 14 видалено з списку((
[INFO] 2022-11-26 14:02:42.269 [main] PrintListOfPlane - Виведення списку літаків, є виняток коли список пустий
[INFO] 2022-11-26 14:41:30.629 [main] PrintListOfPlane - Виведення списку літаків, є виняток коли список пустий
[INFO] 2022-11-26 14:41:39.339 [main] CreatePlaneCommand - Створення пасажирського літака
[ERROR] 2022-11-26 14:41:56.329 [main] PassengerPlaneData - Проблеми з базою даних Cannot find either column "plane" or the user-defined function or aggregate "plane.getName", or the name is ambiguous.
[INFO] 2022-11-26 14:41:57.440 [main] PrintListOfPlane - Виведення списку літаків, є виняток коли список пустий
[INFO] 2022-11-26 14:43:12.461 [main] DeletePlane - Користувач вибирає літак, щоб видалити його. Є виняток, коли список пустий
[INFO] 2022-11-26 14:43:13.522 [main] PrintListOfPlane - Виведення списку літаків, є виняток коли список пустий
[INFO] 2022-11-26 15:01:14.412 [main] PrintListOfPlane - Виведення списку літаків, є виняток коли список пустий
[INFO] 2022-11-26 15:01:25.984 [main] CreatePlaneCommand - Створення пасажирського літака
[ERROR] 2022-11-26 15:01:39.749 [main] PassengerPlaneData - Проблеми з базою даних String or binary data would be truncated in table 'Airplane.dbo.PassengerPlane', column 'category'. Truncated value: 'РџР°СЃР°Р¶Рё'.
[INFO] 2022-11-26 15:01:40.801 [main] PrintListOfPlane - Виведення списку літаків, є виняток коли список пустий
[INFO] 2022-11-26 15:02:46.446 [main] PrintListOfPlane - Виведення списку літаків, є виняток коли список пустий
[INFO] 2022-11-26 15:02:49.656 [main] CreatePlaneCommand - Створення пасажирського літака
[INFO] 2022-11-26 15:03:03.995 [main] PassengerPlaneData - Літак {} додано до бази даних((
[INFO] 2022-11-26 15:03:03.995 [main] PrintListOfPlane - Виведення списку літаків, є виняток коли список пустий
[ERROR] 2022-11-28 17:14:49.220 [main] ChoosePlane - користувач вибирає літак для перегляду детальнішої інформації
[ERROR] 2022-11-28 17:20:36.564 [main] ChoosePlane - користувач вибирає літак для перегляду детальнішої інформації
[ERROR] 2022-11-28 18:03:23.605 [main] ChoosePlane - користувач вибирає літак для перегляду детальнішої інформації
[ERROR] 2022-11-28 18:08:57.604 [main] ChoosePlane - користувач вибирає літак для перегляду детальнішої інформації
[ERROR] 2022-11-28 18:14:14.638 [main] ChoosePlane - користувач вибирає літак для перегляду детальнішої інформації
[ERROR] 2022-11-28 18:19:04.409 [main] ChoosePlane - користувач вибирає літак для перегляду детальнішої інформації
[ERROR] 2022-11-28 18:23:59.208 [main] ChoosePlane - користувач вибирає літак для перегляду детальнішої інформації
[ERROR] 2022-11-28 18:25:01.313 [main] ChoosePlane - користувач вибирає літак для перегляду детальнішої інформації
[ERROR] 2022-11-28 18:28:06.064 [main] ChoosePlane - користувач вибирає літак для перегляду детальнішої інформації
[ERROR] 2022-11-28 18:29:19.088 [main] ChoosePlane - користувач вибирає літак для перегляду детальнішої інформації
[ERROR] 2022-11-28 18:32:13.686 [main] ChoosePlane - користувач вибирає літак для перегляду детальнішої інформації
[ERROR] 2022-11-28 18:32:47.115 [main] ChoosePlane - користувач вибирає літак для перегляду детальнішої інформації
[ERROR] 2022-11-28 18:33:24.066 [main] ChoosePlane - користувач вибирає літак для перегляду детальнішої інформації
[ERROR] 2022-11-28 18:33:55.330 [main] ChoosePlane - користувач вибирає літак для перегляду детальнішої інформації
[ERROR] 2022-11-28 18:37:18.006 [main] ChoosePlane - користувач вибирає літак для перегляду детальнішої інформації
[ERROR] 2022-11-28 18:37:44.819 [main] ChoosePlane - користувач вибирає літак для перегляду детальнішої інформації
[ERROR] 2022-11-28 18:39:26.404 [main] ChoosePlane - користувач вибирає літак для перегляду детальнішої інформації
[ERROR] 2022-11-28 18:41:55.616 [main] ChoosePlane - користувач вибирає літак для перегляду детальнішої інформації
[ERROR] 2022-11-28 18:42:26.575 [main] ChoosePlane - користувач вибирає літак для перегляду детальнішої інформації
[ERROR] 2022-11-28 18:42:28.365 [main] ChoosePlane - користувач вибирає літак для перегляду детальнішої інформації
[INFO] 2022-11-28 19:15:54.907 [main] FindPlane - Знаходження літака за споживання пального
[INFO] 2022-11-28 19:16:30.751 [main] FindPlane - Знаходження літака за споживання пального
[INFO] 2022-11-28 19:16:48.992 [main] FindPlane - Знаходження літака за споживання пального
[INFO] 2022-11-28 19:17:39.588 [main] FindPlane - Знаходження літака за споживання пального
[INFO] 2022-11-28 19:17:54.668 [main] FindPlane - Знаходження літака за споживання пального
[INFO] 2022-11-28 20:00:34.656 [main] TotalCountOfCarryingCapacity - Підрахунок загальної вантажопійомності
[WARN] 2022-11-28 20:06:14.491 [main] TotalCountOfPassenger - Підрахунок загальної кількості пасажирів
[WARN] 2022-11-28 20:06:27.891 [main] TotalCountOfPassenger - Підрахунок загальної кількості пасажирів
[INFO] 2022-11-28 20:07:15.612 [main] TotalCountOfCarryingCapacity - Підрахунок загальної вантажопійомності
[INFO] 2022-11-28 21:34:30.692 [main] CreatePlaneCommand - Створення пасажирського літака
[INFO] 2022-11-28 21:35:23.616 [main] CreatePlaneCommand - Створення пасажирського літака
[INFO] 2022-11-28 21:35:41.346 [main] CreatePlaneCommand - Створення пасажирського літака
[INFO] 2022-11-28 21:38:39.525 [main] CreatePlaneCommand - Створення транспортного літака
[INFO] 2022-11-28 21:40:09.119 [main] CreatePlaneCommand - Створення транспортного літака
[INFO] 2022-11-28 21:41:45.349 [main] CreatePlaneCommand - Створення пасажирського літака
[INFO] 2022-11-28 21:42:12.001 [main] CreatePlaneCommand - Створення спортивного літака
[INFO] 2022-11-28 22:22:38.540 [main] DeletePlane - Користувач вибирає літак, щоб видалити його. Є виняток, коли список пустий
[INFO] 2022-11-28 22:23:03.605 [main] DeletePlane - Користувач вибирає літак, щоб видалити його. Є виняток, коли список пустий
[INFO] 2022-11-28 22:32:40.794 [main] DeletePlane - Користувач вибирає літак, щоб видалити його. Є виняток, коли список пустий
[INFO] 2022-11-28 22:35:24.666 [main] DeletePlane - Користувач вибирає літак, щоб видалити його. Є виняток, коли список пустий
[INFO] 2022-11-28 22:35:56.687 [main] DeletePlane - Користувач вибирає літак, щоб видалити його. Є виняток, коли список пустий
[INFO] 2022-11-28 22:36:11.584 [main] DeletePlane - Користувач вибирає літак, щоб видалити його. Є виняток, коли список пустий
[INFO] 2022-11-28 23:09:14.311 [main] FindPlane - Знаходження літака за споживання пального
[INFO] 2022-11-28 23:13:33.419 [main] FindPlane - Знаходження літака за споживання пального
[INFO] 2022-11-28 23:16:16.300 [main] FindPlane - Знаходження літака за споживання пального
[INFO] 2022-11-28 23:17:03.720 [main] FindPlane - Знаходження літака за споживання пального
[INFO] 2022-11-28 23:17:40.222 [main] FindPlane - Знаходження літака за споживання пального
[INFO] 2022-11-28 23:20:04.986 [main] FindPlane - Знаходження літака за споживання пального
[INFO] 2022-11-28 23:20:18.358 [main] FindPlane - Знаходження літака за споживання пального
[INFO] 2022-11-28 23:29:57.779 [main] FindPlane - Знаходження літака за споживання пального
[INFO] 2022-11-28 23:42:16.695 [main] FindPlane - Знаходження літака за споживання пального
